D:\DOCUMENTI\VISUAL STUDIO 2012\PROJECTS\MYE\LUA\DEBUG\GAMEOBJECTS.OBJ
D:\DOCUMENTI\VISUAL STUDIO 2012\PROJECTS\MYE\LUA\DEBUG\INTERPRETER.OBJ
D:\DOCUMENTI\VISUAL STUDIO 2012\PROJECTS\MYE\LUA\DEBUG\UTILS.OBJ
D:\DOCUMENTI\VISUAL STUDIO 2012\PROJECTS\MYE\LUA\DEBUG\VECTOR.OBJ
D:\DOCUMENTI\VISUAL STUDIO 2012\PROJECTS\MYE\LUA\DEBUG\COMPONENTHANDLER.OBJ
D:\DOCUMENTI\VISUAL STUDIO 2012\PROJECTS\MYE\LUA\DEBUG\VECTOR3.OBJ
D:\DOCUMENTI\VISUAL STUDIO 2012\PROJECTS\MYE\LUA\DEBUG\VC110.PDB
D:\DOCUMENTI\VISUAL STUDIO 2012\PROJECTS\MYE\DEBUG\MYELUA.LIB
D:\Documenti\Visual Studio 2012\Projects\mye\lua\Debug\ComponentHandler.obj
D:\Documenti\Visual Studio 2012\Projects\mye\lua\Debug\GameObjects.obj
D:\Documenti\Visual Studio 2012\Projects\mye\lua\Debug\Interpreter.obj
D:\Documenti\Visual Studio 2012\Projects\mye\lua\Debug\Utils.obj
D:\Documenti\Visual Studio 2012\Projects\mye\lua\Debug\Vector.obj
D:\Documenti\Visual Studio 2012\Projects\mye\lua\Debug\Vector3.obj
D:\Documenti\Visual Studio 2012\Projects\mye\lua\Debug\cl.command.1.tlog
D:\Documenti\Visual Studio 2012\Projects\mye\lua\Debug\CL.read.1.tlog
D:\Documenti\Visual Studio 2012\Projects\mye\lua\Debug\CL.write.1.tlog
D:\Documenti\Visual Studio 2012\Projects\mye\lua\Debug\Lib-link.read.1.tlog
D:\Documenti\Visual Studio 2012\Projects\mye\lua\Debug\Lib-link.write.1.tlog
D:\Documenti\Visual Studio 2012\Projects\mye\lua\Debug\lib.command.1.tlog
D:\Documenti\Visual Studio 2012\Projects\mye\lua\Debug\vc110.idb
D:\Documenti\Visual Studio 2012\Projects\mye\lua\Debug\vc110.pdb
D:\Documenti\Visual Studio 2012\Projects\mye\Debug\myelua.lib
