D:\DOCUMENTI\VISUAL STUDIO 2012\PROJECTS\MYE\CORE\DEBUG\COMPONENT.OBJ
D:\DOCUMENTI\VISUAL STUDIO 2012\PROJECTS\MYE\CORE\DEBUG\GAME.OBJ
D:\DOCUMENTI\VISUAL STUDIO 2012\PROJECTS\MYE\CORE\DEBUG\GAMEOBJECT.OBJ
D:\DOCUMENTI\VISUAL STUDIO 2012\PROJECTS\MYE\CORE\DEBUG\VARIABLECOMPONENT.OBJ
D:\DOCUMENTI\VISUAL STUDIO 2012\PROJECTS\MYE\CORE\DEBUG\NULLCOMPONENT.OBJ
D:\DOCUMENTI\VISUAL STUDIO 2012\PROJECTS\MYE\CORE\DEBUG\TRANSFORMCOMPONENT.OBJ
D:\DOCUMENTI\VISUAL STUDIO 2012\PROJECTS\MYE\CORE\DEBUG\VC110.PDB
D:\DOCUMENTI\VISUAL STUDIO 2012\PROJECTS\MYE\DEBUG\MYECORE.LIB
D:\Documenti\Visual Studio 2012\Projects\mye\core\Debug\Component.obj
D:\Documenti\Visual Studio 2012\Projects\mye\core\Debug\Game.obj
D:\Documenti\Visual Studio 2012\Projects\mye\core\Debug\GameObject.obj
D:\Documenti\Visual Studio 2012\Projects\mye\core\Debug\NullComponent.obj
D:\Documenti\Visual Studio 2012\Projects\mye\core\Debug\TransformComponent.obj
D:\Documenti\Visual Studio 2012\Projects\mye\core\Debug\VariableComponent.obj
D:\Documenti\Visual Studio 2012\Projects\mye\core\Debug\cl.command.1.tlog
D:\Documenti\Visual Studio 2012\Projects\mye\core\Debug\CL.read.1.tlog
D:\Documenti\Visual Studio 2012\Projects\mye\core\Debug\CL.write.1.tlog
D:\Documenti\Visual Studio 2012\Projects\mye\core\Debug\Lib-link.read.1.tlog
D:\Documenti\Visual Studio 2012\Projects\mye\core\Debug\Lib-link.write.1.tlog
D:\Documenti\Visual Studio 2012\Projects\mye\core\Debug\lib.command.1.tlog
D:\Documenti\Visual Studio 2012\Projects\mye\core\Debug\vc110.idb
D:\Documenti\Visual Studio 2012\Projects\mye\core\Debug\vc110.pdb
D:\Documenti\Visual Studio 2012\Projects\mye\Debug\myecore.lib
